[debug] [2024-06-30T07:59:01.071Z] ----------------------------------------------------------------------
[debug] [2024-06-30T07:59:01.073Z] Command:       C:\Program Files\nodejs\node.exe C:\Users\MSi\AppData\Roaming\npm\node_modules\firebase-tools\lib\bin\firebase.js init
[debug] [2024-06-30T07:59:01.074Z] CLI Version:   13.12.0
[debug] [2024-06-30T07:59:01.074Z] Platform:      win32
[debug] [2024-06-30T07:59:01.074Z] Node Version:  v20.12.0
[debug] [2024-06-30T07:59:01.074Z] Time:          Sun Jun 30 2024 15:59:01 GMT+0800 (Malaysia Time)
[debug] [2024-06-30T07:59:01.075Z] ----------------------------------------------------------------------
[debug] 
[debug] [2024-06-30T07:59:01.081Z] > command requires scopes: ["email","openid","https://www.googleapis.com/auth/cloudplatformprojects.readonly","https://www.googleapis.com/auth/firebase","https://www.googleapis.com/auth/cloud-platform"]
[debug] [2024-06-30T07:59:01.081Z] > authorizing via signed-in user (chazhiye@gmail.com)
[info] 
     ######## #### ########  ######## ########     ###     ######  ########
     ##        ##  ##     ## ##       ##     ##  ##   ##  ##       ##
     ######    ##  ########  ######   ########  #########  ######  ######
     ##        ##  ##    ##  ##       ##     ## ##     ##       ## ##
     ##       #### ##     ## ######## ########  ##     ##  ######  ########

You're about to initialize a Firebase project in this directory:

  C:\Users\MSi\Documents\PSM_code\Decentralized-Voting-System-main

[info] 
=== Project Setup
[info] 
[info] First, let's associate this project directory with a Firebase project.
[info] You can create multiple project aliases by running firebase use --add, 
[info] but for now we'll just set up a default project.
[info] 
[debug] [2024-06-30T08:02:06.552Z] >>> [apiv2][query] GET https://firebase.googleapis.com/v1beta1/projects pageSize=100
[debug] [2024-06-30T08:02:07.249Z] <<< [apiv2][status] GET https://firebase.googleapis.com/v1beta1/projects 200
[debug] [2024-06-30T08:02:07.249Z] <<< [apiv2][body] GET https://firebase.googleapis.com/v1beta1/projects [omitted]
[info] i  Using project online-voting-system-6df52 (Online Voting System) 
[info] 
=== Hosting Setup
[debug] [2024-06-30T08:02:17.966Z] >>> [apiv2][query] GET https://firebase.googleapis.com/v1beta1/projects/online-voting-system-6df52 [none]
[debug] [2024-06-30T08:02:18.494Z] <<< [apiv2][status] GET https://firebase.googleapis.com/v1beta1/projects/online-voting-system-6df52 200
[debug] [2024-06-30T08:02:18.495Z] <<< [apiv2][body] GET https://firebase.googleapis.com/v1beta1/projects/online-voting-system-6df52 {"projectId":"online-voting-system-6df52","projectNumber":"420739018571","displayName":"Online Voting System","name":"projects/online-voting-system-6df52","resources":{"hostingSite":"online-voting-system-6df52"},"state":"ACTIVE","etag":"1_d8c26af3-9ebf-44f0-aeca-b4318f4eedd0"}
[info] 
[info] Your public directory is the folder (relative to your project directory) that
[info] will contain Hosting assets to be uploaded with firebase deploy. If you
[info] have a build process for your assets, use your build's output directory.
[info] 
[debug] [2024-06-30T08:08:09.713Z] ----------------------------------------------------------------------
[debug] [2024-06-30T08:08:09.715Z] Command:       C:\Program Files\nodejs\node.exe C:\Users\MSi\AppData\Roaming\npm\node_modules\firebase-tools\lib\bin\firebase.js init
[debug] [2024-06-30T08:08:09.716Z] CLI Version:   13.12.0
[debug] [2024-06-30T08:08:09.716Z] Platform:      win32
[debug] [2024-06-30T08:08:09.716Z] Node Version:  v20.12.0
[debug] [2024-06-30T08:08:09.716Z] Time:          Sun Jun 30 2024 16:08:09 GMT+0800 (Malaysia Time)
[debug] [2024-06-30T08:08:09.716Z] ----------------------------------------------------------------------
[debug] 
[debug] [2024-06-30T08:08:09.721Z] > command requires scopes: ["email","openid","https://www.googleapis.com/auth/cloudplatformprojects.readonly","https://www.googleapis.com/auth/firebase","https://www.googleapis.com/auth/cloud-platform"]
[debug] [2024-06-30T08:08:09.722Z] > authorizing via signed-in user (chazhiye@gmail.com)
[info] 
     ######## #### ########  ######## ########     ###     ######  ########
     ##        ##  ##     ## ##       ##     ##  ##   ##  ##       ##
     ######    ##  ########  ######   ########  #########  ######  ######
     ##        ##  ##    ##  ##       ##     ## ##     ##       ## ##
     ##       #### ##     ## ######## ########  ##     ##  ######  ########

You're about to initialize a Firebase project in this directory:

  C:\Users\MSi\Documents\PSM_code\Online-Voting_System-Using-Blockchain

[info] 
=== Project Setup
[info] 
[info] First, let's associate this project directory with a Firebase project.
[info] You can create multiple project aliases by running firebase use --add, 
[info] but for now we'll just set up a default project.
[info] 
[debug] [2024-06-30T08:08:31.434Z] >>> [apiv2][query] GET https://firebase.googleapis.com/v1beta1/projects pageSize=100
[debug] [2024-06-30T08:08:32.358Z] <<< [apiv2][status] GET https://firebase.googleapis.com/v1beta1/projects 200
[debug] [2024-06-30T08:08:32.358Z] <<< [apiv2][body] GET https://firebase.googleapis.com/v1beta1/projects [omitted]
[info] i  Using project online-voting-system-6df52 (Online Voting System) 
[info] 
=== Hosting Setup
[debug] [2024-06-30T08:08:40.891Z] >>> [apiv2][query] GET https://firebase.googleapis.com/v1beta1/projects/online-voting-system-6df52 [none]
[debug] [2024-06-30T08:08:41.227Z] <<< [apiv2][status] GET https://firebase.googleapis.com/v1beta1/projects/online-voting-system-6df52 200
[debug] [2024-06-30T08:08:41.229Z] <<< [apiv2][body] GET https://firebase.googleapis.com/v1beta1/projects/online-voting-system-6df52 {"projectId":"online-voting-system-6df52","projectNumber":"420739018571","displayName":"Online Voting System","name":"projects/online-voting-system-6df52","resources":{"hostingSite":"online-voting-system-6df52"},"state":"ACTIVE","etag":"1_d8c26af3-9ebf-44f0-aeca-b4318f4eedd0"}
[info] 
[info] Your public directory is the folder (relative to your project directory) that
[info] will contain Hosting assets to be uploaded with firebase deploy. If you
[info] have a build process for your assets, use your build's output directory.
[info] 
[debug] [2024-06-30T08:10:03.112Z] >>> [apiv2][query] GET https://www.gstatic.com/firebasejs/releases.json [none]
[debug] [2024-06-30T08:10:03.208Z] <<< [apiv2][status] GET https://www.gstatic.com/firebasejs/releases.json 200
[debug] [2024-06-30T08:10:03.208Z] <<< [apiv2][body] GET https://www.gstatic.com/firebasejs/releases.json {"current":{"version":"10.12.2","browserURL":"https://www.gstatic.com/firebasejs/10.12.2/firebase.js","packageURL":"https://www.gstatic.com/firebasejs/10.12.2/firebase.tgz"},"live":{"version":"10.12","browserURL":"https://www.gstatic.com/firebasejs/live/10.12/firebase.js","packageURL":"https://www.gstatic.com/firebasejs/live/10.12/firebase.tgz"},"components":{"analytics":"https://www.gstatic.com/firebasejs/10.12.2/firebase-analytics.js","app":"https://www.gstatic.com/firebasejs/10.12.2/firebase-app.js","app-check":"https://www.gstatic.com/firebasejs/10.12.2/firebase-app-check.js","auth":"https://www.gstatic.com/firebasejs/10.12.2/firebase-auth.js","auth/cordova":"https://www.gstatic.com/firebasejs/10.12.2/firebase-auth/cordova.js","auth/web-extension":"https://www.gstatic.com/firebasejs/10.12.2/firebase-auth/web-extension.js","functions":"https://www.gstatic.com/firebasejs/10.12.2/firebase-functions.js","firestore":"https://www.gstatic.com/firebasejs/10.12.2/firebase-firestore.js","firestore/lite":"https://www.gstatic.com/firebasejs/10.12.2/firebase-firestore/lite.js","installations":"https://www.gstatic.com/firebasejs/10.12.2/firebase-installations.js","storage":"https://www.gstatic.com/firebasejs/10.12.2/firebase-storage.js","performance":"https://www.gstatic.com/firebasejs/10.12.2/firebase-performance.js","remote-config":"https://www.gstatic.com/firebasejs/10.12.2/firebase-remote-config.js","messaging":"https://www.gstatic.com/firebasejs/10.12.2/firebase-messaging.js","messaging/sw":"https://www.gstatic.com/firebasejs/10.12.2/firebase-messaging/sw.js","database":"https://www.gstatic.com/firebasejs/10.12.2/firebase-database.js","vertexai-preview":"https://www.gstatic.com/firebasejs/10.12.2/firebase-vertexai-preview.js","firestore.memory":"https://www.gstatic.com/firebasejs/10.12.2/firebase-firestore.memory.js"}}
[info] +  Wrote Online-Voting_System-Using-Blockchain/index.html 
[info] 
[info] i  Didn't detect a .git folder. Assuming C:\Users\MSi\Documents\PSM_code\Online-Voting_System-Using-Blockchain is the project root. 
[info] i  Authorizing with GitHub to upload your service account to a GitHub repository's secrets store. 
[info] 
[info] Visit this URL on this device to log in:
[info] https://github.com/login/oauth/authorize?client_id=89cf50f02ac6aaed3484&state=766224942&redirect_uri=http%3A%2F%2Flocalhost%3A9005&scope=read%3Auser%20repo%20public_repo
[info] 
[info] Waiting for authentication...
[debug] [2024-06-30T08:10:13.122Z] >>> [apiv2][query] POST https://github.com/login/oauth/access_token [none]
[debug] [2024-06-30T08:10:13.123Z] >>> [apiv2][body] POST https://github.com/login/oauth/access_token [stream]
[debug] [2024-06-30T08:10:13.546Z] <<< [apiv2][status] POST https://github.com/login/oauth/access_token 200
[debug] [2024-06-30T08:10:13.546Z] <<< [apiv2][body] POST https://github.com/login/oauth/access_token {"access_token":"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","token_type":"bearer","scope":"read:user,repo"}
[debug] [2024-06-30T08:10:13.553Z] >>> [apiv2][query] GET https://api.github.com/user [none]
[debug] [2024-06-30T08:10:13.961Z] <<< [apiv2][status] GET https://api.github.com/user 200
[debug] [2024-06-30T08:10:13.962Z] <<< [apiv2][body] GET https://api.github.com/user {"login":"chazhiye","id":120929162,"node_id":"U_kgDOBzU7ig","avatar_url":"https://avatars.githubusercontent.com/u/120929162?v=4","gravatar_id":"","url":"https://api.github.com/users/chazhiye","html_url":"https://github.com/chazhiye","followers_url":"https://api.github.com/users/chazhiye/followers","following_url":"https://api.github.com/users/chazhiye/following{/other_user}","gists_url":"https://api.github.com/users/chazhiye/gists{/gist_id}","starred_url":"https://api.github.com/users/chazhiye/starred{/owner}{/repo}","subscriptions_url":"https://api.github.com/users/chazhiye/subscriptions","organizations_url":"https://api.github.com/users/chazhiye/orgs","repos_url":"https://api.github.com/users/chazhiye/repos","events_url":"https://api.github.com/users/chazhiye/events{/privacy}","received_events_url":"https://api.github.com/users/chazhiye/received_events","type":"User","site_admin":false,"name":null,"company":null,"blog":"","location":null,"email":null,"hireable":null,"bio":null,"twitter_username":null,"public_repos":1,"public_gists":0,"followers":0,"following":0,"created_at":"2022-12-18T11:38:28Z","updated_at":"2024-06-30T08:10:08Z","private_gists":0,"total_private_repos":1,"owned_private_repos":1,"disk_usage":246,"collaborators":0,"two_factor_authentication":false,"plan":{"name":"free","space":976562499,"collaborators":0,"private_repos":10000}}
[info] 
[info] +  Success! Logged into GitHub as chazhiye 
[info] 
[debug] [2024-06-30T08:10:58.934Z] >>> [apiv2][query] GET https://api.github.com/repos/user/actions/secrets/public-key type=owner
[debug] [2024-06-30T08:10:59.321Z] <<< [apiv2][status] GET https://api.github.com/repos/user/actions/secrets/public-key 404
[debug] [2024-06-30T08:10:59.321Z] <<< [apiv2][body] GET https://api.github.com/repos/user/actions/secrets/public-key {"message":"Not Found","documentation_url":"https://docs.github.com/rest","status":"404"}
[info] 
[info] 
[error] !  The provided authorization cannot be used with this repository. If this repository is in an organization, did you remember to grant access? 
[info] 
[info] i  Action required: Visit this URL to ensure access has been granted to the appropriate organization(s) for the Firebase CLI GitHub OAuth App: 
[info] https://github.com/settings/connections/applications/89cf50f02ac6aaed3484
[info] 
[debug] [2024-06-30T08:11:18.633Z] >>> [apiv2][query] GET https://api.github.com/repos/user/actions/secrets/public-key type=owner
[debug] [2024-06-30T08:11:18.997Z] <<< [apiv2][status] GET https://api.github.com/repos/user/actions/secrets/public-key 404
[debug] [2024-06-30T08:11:18.997Z] <<< [apiv2][body] GET https://api.github.com/repos/user/actions/secrets/public-key {"message":"Not Found","documentation_url":"https://docs.github.com/rest","status":"404"}
[info] 
[info] 
[error] !  The provided authorization cannot be used with this repository. If this repository is in an organization, did you remember to grant access? 
[info] 
[info] i  Action required: Visit this URL to ensure access has been granted to the appropriate organization(s) for the Firebase CLI GitHub OAuth App: 
[info] https://github.com/settings/connections/applications/89cf50f02ac6aaed3484
[info] 
[debug] [2024-06-30T08:14:17.918Z] >>> [apiv2][query] GET https://api.github.com/repos/OnlineVotingSystemUsingBlockchain/actions/secrets/public-key type=owner
[debug] [2024-06-30T08:14:18.291Z] <<< [apiv2][status] GET https://api.github.com/repos/OnlineVotingSystemUsingBlockchain/actions/secrets/public-key 404
[debug] [2024-06-30T08:14:18.291Z] <<< [apiv2][body] GET https://api.github.com/repos/OnlineVotingSystemUsingBlockchain/actions/secrets/public-key {"message":"Not Found","documentation_url":"https://docs.github.com/rest","status":"404"}
[info] 
[info] 
[error] !  The provided authorization cannot be used with this repository. If this repository is in an organization, did you remember to grant access? 
[info] 
[info] i  Action required: Visit this URL to ensure access has been granted to the appropriate organization(s) for the Firebase CLI GitHub OAuth App: 
[info] https://github.com/settings/connections/applications/89cf50f02ac6aaed3484
[info] 
[debug] [2024-06-30T08:16:40.246Z] >>> [apiv2][query] GET https://api.github.com/repos/OnlineVotingSystemUsingBlockchain/actions/secrets/public-key type=owner
[debug] [2024-06-30T08:16:40.635Z] <<< [apiv2][status] GET https://api.github.com/repos/OnlineVotingSystemUsingBlockchain/actions/secrets/public-key 404
[debug] [2024-06-30T08:16:40.635Z] <<< [apiv2][body] GET https://api.github.com/repos/OnlineVotingSystemUsingBlockchain/actions/secrets/public-key {"message":"Not Found","documentation_url":"https://docs.github.com/rest","status":"404"}
[info] 
[info] 
[error] !  The provided authorization cannot be used with this repository. If this repository is in an organization, did you remember to grant access? 
[info] 
[info] i  Action required: Visit this URL to ensure access has been granted to the appropriate organization(s) for the Firebase CLI GitHub OAuth App: 
[info] https://github.com/settings/connections/applications/89cf50f02ac6aaed3484
[info] 
[debug] [2024-06-30T08:17:11.217Z] >>> [apiv2][query] GET https://api.github.com/repos/repository/actions/secrets/public-key type=owner
[debug] [2024-06-30T08:17:11.568Z] <<< [apiv2][status] GET https://api.github.com/repos/repository/actions/secrets/public-key 404
[debug] [2024-06-30T08:17:11.568Z] <<< [apiv2][body] GET https://api.github.com/repos/repository/actions/secrets/public-key {"message":"Not Found","documentation_url":"https://docs.github.com/rest","status":"404"}
[info] 
[info] 
[error] !  The provided authorization cannot be used with this repository. If this repository is in an organization, did you remember to grant access? 
[info] 
[info] i  Action required: Visit this URL to ensure access has been granted to the appropriate organization(s) for the Firebase CLI GitHub OAuth App: 
[info] https://github.com/settings/connections/applications/89cf50f02ac6aaed3484
[info] 
